mode: set
github.com\apologue-dot-net\maimai\room.go:26.67,28.2 1 1
github.com\apologue-dot-net\maimai\send.go:7.48,9.16 2 0
github.com\apologue-dot-net\maimai\send.go:16.2,16.12 1 0
github.com\apologue-dot-net\maimai\send.go:9.16,11.17 2 0
github.com\apologue-dot-net\maimai\send.go:14.3,14.28 1 0
github.com\apologue-dot-net\maimai\send.go:11.17,13.4 1 0
github.com\apologue-dot-net\maimai\send.go:20.59,27.2 4 1
github.com\apologue-dot-net\maimai\send.go:30.43,37.2 4 0
github.com\apologue-dot-net\maimai\send.go:40.44,48.2 4 0
github.com\apologue-dot-net\maimai\bot.go:30.61,39.2 8 0
github.com\apologue-dot-net\maimai\bot.go:42.54,43.29 1 0
github.com\apologue-dot-net\maimai\bot.go:46.2,46.11 1 0
github.com\apologue-dot-net\maimai\bot.go:49.2,50.16 2 0
github.com\apologue-dot-net\maimai\bot.go:54.2,55.9 2 0
github.com\apologue-dot-net\maimai\bot.go:59.2,60.16 2 0
github.com\apologue-dot-net\maimai\bot.go:63.2,63.8 1 0
github.com\apologue-dot-net\maimai\bot.go:43.29,45.3 1 0
github.com\apologue-dot-net\maimai\bot.go:46.11,48.3 1 0
github.com\apologue-dot-net\maimai\bot.go:50.16,53.3 2 0
github.com\apologue-dot-net\maimai\bot.go:55.9,58.3 2 0
github.com\apologue-dot-net\maimai\bot.go:60.16,62.3 1 0
github.com\apologue-dot-net\maimai\bot.go:66.50,67.66 1 0
github.com\apologue-dot-net\maimai\bot.go:70.2,70.14 1 0
github.com\apologue-dot-net\maimai\bot.go:67.66,69.3 1 0
github.com\apologue-dot-net\maimai\bot.go:74.56,75.29 1 0
github.com\apologue-dot-net\maimai\bot.go:78.2,79.16 2 0
github.com\apologue-dot-net\maimai\bot.go:83.2,84.9 2 0
github.com\apologue-dot-net\maimai\bot.go:88.2,88.30 1 0
github.com\apologue-dot-net\maimai\bot.go:97.2,97.8 1 0
github.com\apologue-dot-net\maimai\bot.go:75.29,77.3 1 0
github.com\apologue-dot-net\maimai\bot.go:79.16,82.3 2 0
github.com\apologue-dot-net\maimai\bot.go:84.9,87.3 2 0
github.com\apologue-dot-net\maimai\bot.go:88.30,89.12 1 0
github.com\apologue-dot-net\maimai\bot.go:92.3,93.17 2 0
github.com\apologue-dot-net\maimai\bot.go:89.12,91.4 1 0
github.com\apologue-dot-net\maimai\bot.go:93.17,95.4 1 0
github.com\apologue-dot-net\maimai\bot.go:101.55,102.29 1 0
github.com\apologue-dot-net\maimai\bot.go:106.2,107.16 2 0
github.com\apologue-dot-net\maimai\bot.go:111.2,112.9 2 0
github.com\apologue-dot-net\maimai\bot.go:116.2,116.28 1 0
github.com\apologue-dot-net\maimai\bot.go:119.2,119.8 1 0
github.com\apologue-dot-net\maimai\bot.go:102.29,104.3 1 0
github.com\apologue-dot-net\maimai\bot.go:107.16,110.3 2 0
github.com\apologue-dot-net\maimai\bot.go:112.9,115.3 2 0
github.com\apologue-dot-net\maimai\bot.go:116.28,118.3 1 0
github.com\apologue-dot-net\maimai\bot.go:122.50,126.49 1 0
github.com\apologue-dot-net\maimai\bot.go:129.2,129.14 1 0
github.com\apologue-dot-net\maimai\bot.go:126.49,128.3 1 0
github.com\apologue-dot-net\maimai\bot.go:133.56,134.29 1 0
github.com\apologue-dot-net\maimai\bot.go:137.2,138.16 2 0
github.com\apologue-dot-net\maimai\bot.go:142.2,143.9 2 0
github.com\apologue-dot-net\maimai\bot.go:147.2,147.30 1 0
github.com\apologue-dot-net\maimai\bot.go:134.29,136.3 1 0
github.com\apologue-dot-net\maimai\bot.go:138.16,141.3 2 0
github.com\apologue-dot-net\maimai\bot.go:143.9,146.3 2 0
github.com\apologue-dot-net\maimai\bot.go:147.30,151.10 4 0
github.com\apologue-dot-net\maimai\bot.go:155.3,158.9 3 0
github.com\apologue-dot-net\maimai\bot.go:151.10,154.4 2 0
github.com\apologue-dot-net\maimai\bot.go:163.21,164.33 1 0
github.com\apologue-dot-net\maimai\bot.go:172.2,172.11 1 0
github.com\apologue-dot-net\maimai\bot.go:175.2,176.6 2 0
github.com\apologue-dot-net\maimai\bot.go:164.33,166.17 2 0
github.com\apologue-dot-net\maimai\bot.go:169.3,170.27 2 0
github.com\apologue-dot-net\maimai\bot.go:166.17,168.4 1 0
github.com\apologue-dot-net\maimai\bot.go:172.11,174.3 1 0
github.com\apologue-dot-net\maimai\bot.go:176.6,177.12 1 0
github.com\apologue-dot-net\maimai\bot.go:180.3,181.17 2 0
github.com\apologue-dot-net\maimai\bot.go:184.3,184.38 1 0
github.com\apologue-dot-net\maimai\bot.go:177.12,179.4 1 0
github.com\apologue-dot-net\maimai\bot.go:181.17,183.4 1 0
github.com\apologue-dot-net\maimai\bot.go:184.38,186.4 1 0
github.com\apologue-dot-net\maimai\conn.go:33.32,35.16 2 0
github.com\apologue-dot-net\maimai\conn.go:38.2,39.16 2 0
github.com\apologue-dot-net\maimai\conn.go:42.2,43.16 2 0
github.com\apologue-dot-net\maimai\conn.go:46.2,47.12 2 0
github.com\apologue-dot-net\maimai\conn.go:35.16,37.3 1 0
github.com\apologue-dot-net\maimai\conn.go:39.16,41.3 1 0
github.com\apologue-dot-net\maimai\conn.go:43.16,45.3 1 0
github.com\apologue-dot-net\maimai\conn.go:50.43,52.16 2 0
github.com\apologue-dot-net\maimai\conn.go:61.2,61.12 1 0
github.com\apologue-dot-net\maimai\conn.go:52.16,53.38 1 0
github.com\apologue-dot-net\maimai\conn.go:53.38,56.18 3 0
github.com\apologue-dot-net\maimai\conn.go:56.18,57.10 1 0
github.com\apologue-dot-net\maimai\conn.go:68.50,71.16 3 0
github.com\apologue-dot-net\maimai\conn.go:74.2,74.19 1 0
github.com\apologue-dot-net\maimai\conn.go:71.16,73.3 1 0
github.com\apologue-dot-net\maimai\mockconnection.go:16.63,19.2 2 1
github.com\apologue-dot-net\maimai\mockconnection.go:21.74,23.2 1 1
github.com\apologue-dot-net\maimai\mockconnection.go:25.41,27.2 1 0
github.com\apologue-dot-net\maimai\mockconnection.go:29.52,31.2 1 0
github.com\apologue-dot-net\maimai\mockconnection.go:33.57,36.2 2 1
github.com\apologue-dot-net\maimai\packet.go:98.54,100.16 2 0
github.com\apologue-dot-net\maimai\packet.go:120.2,121.21 2 0
github.com\apologue-dot-net\maimai\packet.go:101.2,102.25 1 0
github.com\apologue-dot-net\maimai\packet.go:103.2,104.25 1 0
github.com\apologue-dot-net\maimai\packet.go:105.2,106.26 1 0
github.com\apologue-dot-net\maimai\packet.go:107.2,108.29 1 0
github.com\apologue-dot-net\maimai\packet.go:109.2,110.25 1 0
github.com\apologue-dot-net\maimai\packet.go:111.2,112.25 1 0
github.com\apologue-dot-net\maimai\packet.go:113.2,114.25 1 0
github.com\apologue-dot-net\maimai\packet.go:115.2,116.30 1 0
github.com\apologue-dot-net\maimai\packet.go:117.2,118.55 1 0
github.com\apologue-dot-net\maimai\receive.go:7.54,11.16 4 0
github.com\apologue-dot-net\maimai\receive.go:14.2,14.21 1 0
github.com\apologue-dot-net\maimai\receive.go:11.16,13.3 1 0
github.com\apologue-dot-net\maimai\receive.go:17.65,19.16 2 0
github.com\apologue-dot-net\maimai\receive.go:27.2,27.20 1 0
github.com\apologue-dot-net\maimai\receive.go:19.16,20.38 1 0
github.com\apologue-dot-net\maimai\receive.go:20.38,22.18 2 0
github.com\apologue-dot-net\maimai\receive.go:22.18,23.10 1 0
